e:\study\паттерны проектирования\servert\servert\x64\debug\vc143.pdb
e:\study\паттерны проектирования\servert\servert\x64\debug\vc143.idb
e:\study\паттерны проектирования\servert\servert\x64\debug\servert.obj
e:\study\паттерны проектирования\servert\x64\debug\servert.pdb
e:\study\паттерны проектирования\servert\servert\x64\debug\servert.tlog\cl.command.1.tlog
e:\study\паттерны проектирования\servert\servert\x64\debug\servert.tlog\cl.read.1.tlog
e:\study\паттерны проектирования\servert\servert\x64\debug\servert.tlog\cl.write.1.tlog
e:\study\паттерны проектирования\servert\servert\x64\debug\servert.tlog\link-cvtres.read.1.tlog
e:\study\паттерны проектирования\servert\servert\x64\debug\servert.tlog\link-cvtres.write.1.tlog
e:\study\паттерны проектирования\servert\servert\x64\debug\servert.tlog\link-rc.read.1.tlog
e:\study\паттерны проектирования\servert\servert\x64\debug\servert.tlog\link-rc.write.1.tlog
e:\study\паттерны проектирования\servert\servert\x64\debug\servert.tlog\link.10820-cvtres.read.1.tlog
e:\study\паттерны проектирования\servert\servert\x64\debug\servert.tlog\link.10820-cvtres.write.1.tlog
e:\study\паттерны проектирования\servert\servert\x64\debug\servert.tlog\link.10820-rc.read.1.tlog
e:\study\паттерны проектирования\servert\servert\x64\debug\servert.tlog\link.10820-rc.write.1.tlog
e:\study\паттерны проектирования\servert\servert\x64\debug\servert.tlog\link.10820.read.1.tlog
e:\study\паттерны проектирования\servert\servert\x64\debug\servert.tlog\link.10820.read.2.tlog
e:\study\паттерны проектирования\servert\servert\x64\debug\servert.tlog\link.10820.write.1.tlog
e:\study\паттерны проектирования\servert\servert\x64\debug\servert.tlog\link.command.1.tlog
e:\study\паттерны проектирования\servert\servert\x64\debug\servert.tlog\link.read.1.tlog
e:\study\паттерны проектирования\servert\servert\x64\debug\servert.tlog\link.read.2.tlog
e:\study\паттерны проектирования\servert\servert\x64\debug\servert.tlog\link.write.1.tlog
